<?xml version="1.0" encoding="UTF-8"?>
<!-- Generated by org.testng.reporters.JUnitReportReporter -->
<testsuite hostname="TYSS-Manjunath-S" failures="0" tests="1" name="com.tyss.practice.MavenTest" time="0.013" errors="0" timestamp="2024-02-08T11:31:01 IST" skipped="0">
  <testcase classname="com.tyss.practice.MavenTest" name="test1" time="0.013"/>
  <system-out/>
</testsuite> <!-- com.tyss.practice.MavenTest -->
