<?xml version="1.0" encoding="UTF-8"?>
<!-- Generated by org.testng.reporters.JUnitReportReporter -->
<testsuite hostname="TYSS-Manjunath-S" failures="0" tests="1" name="com.tyss.practice.MTest" time="0.012" errors="0" timestamp="2024-02-08T11:32:23 IST" skipped="0">
  <testcase classname="com.tyss.practice.MTest" name="testcase1" time="0.012"/>
  <system-out/>
</testsuite> <!-- com.tyss.practice.MTest -->
